<?xml version="1.0" encoding="UTF-8"?>
<testng-results skipped="0" failed="0" ignored="0" total="1" passed="1">
  <reporter-output>
  </reporter-output>
  <suite name="Default suite" duration-ms="13690" started-at="2019-11-07T09:24:35Z" finished-at="2019-11-07T09:24:49Z">
    <groups>
    </groups>
    <test name="Default test" duration-ms="13690" started-at="2019-11-07T09:24:35Z" finished-at="2019-11-07T09:24:49Z">
      <class name="jenkins.NewTest">
        <test-method status="PASS" signature="fun()[pri:0, instance:jenkins.NewTest@73ad2d6]" name="fun" duration-ms="13668" started-at="2019-11-07T09:24:35Z" finished-at="2019-11-07T09:24:49Z">
          <reporter-output>
          </reporter-output>
        </test-method> <!-- fun -->
      </class> <!-- jenkins.NewTest -->
    </test> <!-- Default test -->
  </suite> <!-- Default suite -->
</testng-results>
